<?xml version="1.0" encoding="UTF-8"?>
<!-- Generated by org.testng.reporters.JUnitReportReporter -->
<testsuite hostname="HomePC" failures="0" tests="1" name="com.RecipeFoodCategory.AllRecipeFoodCategory_DiabeticRecipes" time="4247.720" errors="0" timestamp="2023-12-18T22:16:14 CST" skipped="0">
  <testcase classname="com.RecipeFoodCategory.AllRecipeFoodCategory_DiabeticRecipes" name="scrapeDinnerRecipe" time="4247.720"/>
  <system-out/>
</testsuite> <!-- com.RecipeFoodCategory.AllRecipeFoodCategory_DiabeticRecipes -->
