<?xml version="1.0" encoding="UTF-8"?>
<!-- Generated by org.testng.reporters.JUnitReportReporter -->
<testsuite hostname="LAPTOP-TINQNFE1" failures="0" tests="1" name="com.TestScripts.LunchValidations" time="85.549" errors="0" timestamp="2023-12-15T16:04:21 EST" skipped="0">
  <testcase classname="com.TestScripts.LunchValidations" name="scrapeLunchRecipe" time="85.549"/>
</testsuite> <!-- com.TestScripts.LunchValidations -->
