<?xml version="1.0" encoding="UTF-8"?>
<!-- Generated by org.testng.reporters.JUnitReportReporter -->
<testsuite hostname="Compatible" failures="0" tests="1" name="com.MorbidConditions.HypertensionAdd" time="1819.834" errors="0" timestamp="2023-12-19T12:22:48 CST" skipped="0">
  <testcase classname="com.MorbidConditions.HypertensionAdd" name="scrapeHypertensionToAddRecipe" time="1819.834"/>
</testsuite> <!-- com.MorbidConditions.HypertensionAdd -->
