<?xml version="1.0" encoding="UTF-8"?>
<!-- Generated by org.testng.reporters.JUnitReportReporter -->
<testsuite hostname="HomePC" failures="0" tests="1" name="com.MorbidConditions.Diabeties_Eliminate" time="3538.848" errors="0" timestamp="2023-12-18T19:42:58 CST" skipped="0">
  <testcase classname="com.MorbidConditions.Diabeties_Eliminate" name="scrapeDiabeticRecipe" time="3538.848"/>
  <system-out/>
</testsuite> <!-- com.MorbidConditions.Diabeties_Eliminate -->
