<?xml version="1.0" encoding="UTF-8"?>
<!-- Generated by org.testng.reporters.JUnitReportReporter -->
<testsuite hostname="rajnishatrismbp.lan" failures="0" tests="1" name="com.MorbidAllergies.HypertensionAllergy" time="5343.371" errors="0" timestamp="2023-12-19T15:19:39 CST" skipped="0">
  <testcase classname="com.MorbidAllergies.HypertensionAllergy" name="highBloodPressure" time="5343.371"/>
</testsuite> <!-- com.MorbidAllergies.HypertensionAllergy -->
