<?xml version="1.0" encoding="UTF-8"?>
<!-- Generated by org.testng.reporters.JUnitReportReporter -->
<testsuite hostname="LAPTOP-TINQNFE1" failures="0" tests="1" name="com.Utilities.TakeScreenshotClass" time="5.640" errors="0" timestamp="2023-12-16T17:47:58 EST" skipped="0">
  <testcase classname="com.Utilities.TakeScreenshotClass" name="takescreenshot" time="5.640"/>
</testsuite> <!-- com.Utilities.TakeScreenshotClass -->
