<?xml version="1.0" encoding="UTF-8"?>
<!-- Generated by org.testng.reporters.JUnitReportReporter -->
<testsuite hostname="Compatible" failures="0" tests="1" name="com.MorbidConditions.HypertensionEliminate2" time="1390.562" errors="0" timestamp="2023-12-17T20:55:00 CST" skipped="0">
  <testcase classname="com.MorbidConditions.HypertensionEliminate2" name="scrapeSnacksRecipe" time="1390.562"/>
</testsuite> <!-- com.MorbidConditions.HypertensionEliminate2 -->
