<?xml version="1.0" encoding="UTF-8"?>
<!-- Generated by org.testng.reporters.JUnitReportReporter -->
<testsuite hostname="LAPTOP-TINQNFE1" failures="0" tests="1" name="com.MorbidConditions.Lunch_Hypothyroidism" time="777.686" errors="0" timestamp="2023-12-18T12:10:40 EST" skipped="0">
  <testcase classname="com.MorbidConditions.Lunch_Hypothyroidism" name="scrapeLunchRecipe" time="777.686"/>
</testsuite> <!-- com.MorbidConditions.Lunch_Hypothyroidism -->
