<?xml version="1.0" encoding="UTF-8"?>
<!-- Generated by org.testng.reporters.JUnitReportReporter -->
<testsuite hostname="LAPTOP-A52B1AF1" failures="0" tests="1" name="com.TestScripts.HomePageValidation" time="41.882" errors="0" timestamp="2023-12-14T23:15:45 EST" skipped="0">
  <testcase classname="com.TestScripts.HomePageValidation" name="CheckElements" time="41.882"/>
</testsuite> <!-- com.TestScripts.HomePageValidation -->
