<?xml version="1.0" encoding="UTF-8"?>
<!-- Generated by org.testng.reporters.JUnitReportReporter -->
<testsuite hostname="Compatible" failures="0" tests="1" name="com.MorbidConditions.PCOSEliminate" time="1174.604" errors="0" timestamp="2023-12-16T20:26:01 CST" skipped="0">
  <testcase classname="com.MorbidConditions.PCOSEliminate" name="scrapeSnacksRecipe" time="1174.604"/>
</testsuite> <!-- com.MorbidConditions.PCOSEliminate -->
