<?xml version="1.0" encoding="UTF-8"?>
<!-- Generated by org.testng.reporters.JUnitReportReporter -->
<testsuite hostname="Compatible" failures="0" tests="1" name="com.TestScripts.HomePageValidation" time="3.310" errors="0" timestamp="2023-12-13T21:04:45 CST" skipped="0">
  <testcase classname="com.TestScripts.HomePageValidation" name="CheckElements" time="3.310"/>
</testsuite> <!-- com.TestScripts.HomePageValidation -->
