<?xml version="1.0" encoding="UTF-8"?>
<!-- Generated by org.testng.reporters.JUnitReportReporter -->
<testsuite hostname="LAPTOP-TINQNFE1" failures="0" tests="1" name="com.MorbidConditions.Hypothyroidism" time="582.035" errors="0" timestamp="2023-12-18T21:03:06 EST" skipped="0">
  <testcase classname="com.MorbidConditions.Hypothyroidism" name="scrapeHypothyroidismRecipe" time="582.035"/>
</testsuite> <!-- com.MorbidConditions.Hypothyroidism -->
