<?xml version="1.0" encoding="UTF-8"?>
<!-- Generated by org.testng.reporters.JUnitReportReporter -->
<testsuite hostname="LAPTOP-TINQNFE1" failures="0" tests="1" name="com.RecipeFoodCategory.Lunch" time="32.088" errors="0" timestamp="2023-12-18T11:26:19 EST" skipped="0">
  <testcase classname="com.RecipeFoodCategory.Lunch" name="check" time="32.088"/>
</testsuite> <!-- com.RecipeFoodCategory.Lunch -->
