<?xml version="1.0" encoding="UTF-8"?>
<!-- Generated by org.testng.reporters.JUnitReportReporter -->
<testsuite hostname="LAPTOP-TINQNFE1" failures="0" tests="1" name="com.MorbidAllergies.Hypothyroidism_Allergy" time="363.631" errors="0" timestamp="2023-12-18T16:06:10 EST" skipped="0">
  <testcase classname="com.MorbidAllergies.Hypothyroidism_Allergy" name="scrapeRecipe" time="363.631"/>
</testsuite> <!-- com.MorbidAllergies.Hypothyroidism_Allergy -->
