<?xml version="1.0" encoding="UTF-8"?>
<!-- Generated by org.testng.reporters.JUnitReportReporter -->
<testsuite hostname="LAPTOP-TINQNFE1" failures="0" tests="1" name="com.MorbidConditions.HypothyrodismEliminate" time="389.182" errors="0" timestamp="2023-12-18T17:20:21 EST" skipped="0">
  <testcase classname="com.MorbidConditions.HypothyrodismEliminate" name="scrapeRecipe" time="389.182"/>
</testsuite> <!-- com.MorbidConditions.HypothyrodismEliminate -->
