<?xml version="1.0" encoding="UTF-8"?>
<!-- Generated by org.testng.reporters.JUnitReportReporter -->
<<<<<<< HEAD
<testsuite hostname="Compatible" failures="0" tests="1" name="com.TestScripts.HomePageValidation" time="3.310" errors="0" timestamp="2023-12-13T21:04:45 CST" skipped="0">
  <testcase classname="com.TestScripts.HomePageValidation" name="CheckElements" time="3.310"/>
</testsuite> <!-- com.TestScripts.HomePageValidation -->
=======
<<<<<<< HEAD
<testsuite hostname="LAPTOP-A52B1AF1" failures="0" tests="1" name="com.TestScripts.HomePageValidation" time="41.882" errors="0" timestamp="2023-12-14T23:15:45 EST" skipped="0">
  <testcase classname="com.TestScripts.HomePageValidation" name="CheckElements" time="41.882"/>
=======
<testsuite hostname="LAPTOP-TINQNFE1" failures="0" tests="1" name="com.TestScripts.HomePageValidation" time="6.326" errors="0" timestamp="2023-12-13T19:00:55 EST" skipped="0">
  <testcase classname="com.TestScripts.HomePageValidation" name="CheckElements" time="6.326"/>
>>>>>>> 2d314de73986116c7bfb27eecba74e50e2fc46fd
</testsuite> <!-- com.TestScripts.HomePageValidation -->
>>>>>>> e7eba61fd1005eb7b99431d1015939b93ad3358d
