<?xml version="1.0" encoding="UTF-8"?>
<!-- Generated by org.testng.reporters.JUnitReportReporter -->
<testsuite hostname="HomePC" failures="0" tests="1" name="com.TestData.HomePageValidation" time="3.888" errors="0" timestamp="2023-12-13T14:25:51 CST" skipped="0">
  <testcase classname="com.TestData.HomePageValidation" name="CheckElements" time="3.888"/>
  <system-out/>
</testsuite> <!-- com.TestData.HomePageValidation -->
