<?xml version="1.0" encoding="UTF-8"?>
<!-- Generated by org.testng.reporters.JUnitReportReporter -->
<testsuite hostname="LAPTOP-TINQNFE1" failures="0" tests="1" name="com.TestData.LunchValidations" time="113.070" errors="0" timestamp="2023-12-18T09:20:56 EST" skipped="0">
  <testcase classname="com.TestData.LunchValidations" name="scrapeLunchRecipe" time="113.070"/>
</testsuite> <!-- com.TestData.LunchValidations -->
