<?xml version="1.0" encoding="UTF-8"?>
<!-- Generated by org.testng.reporters.JUnitReportReporter -->
<testsuite hostname="Compatible" failures="0" tests="1" name="com.RecipeCategory.Vegan_Snacks" time="68.271" errors="0" timestamp="2023-12-18T15:30:45 CST" skipped="0">
  <testcase classname="com.RecipeCategory.Vegan_Snacks" name="veganSeganSnacksRecipe" time="68.271"/>
</testsuite> <!-- com.RecipeCategory.Vegan_Snacks -->
