<?xml version="1.0" encoding="UTF-8"?>
<!-- Generated by org.testng.reporters.JUnitReportReporter -->
<testsuite hostname="LAPTOP-TINQNFE1" failures="0" tests="1" name="com.TestScripts.HomePageValidation" time="6.993" errors="0" timestamp="2023-12-13T12:33:58 EST" skipped="0">
  <testcase classname="com.TestScripts.HomePageValidation" name="CheckElements" time="6.993"/>
</testsuite> <!-- com.TestScripts.HomePageValidation -->
