<?xml version="1.0" encoding="UTF-8"?>
<!-- Generated by org.testng.reporters.JUnitReportReporter -->
<testsuite hostname="LAPTOP-TINQNFE1" failures="0" tests="1" name="com.MorbidConditions.Hypothyroidism_Add" time="403.730" errors="0" timestamp="2023-12-18T19:06:56 EST" skipped="0">
  <testcase classname="com.MorbidConditions.Hypothyroidism_Add" name="scrapeRecipe" time="403.730"/>
</testsuite> <!-- com.MorbidConditions.Hypothyroidism_Add -->
